[2025-10-30 04:30:35.066] [info] Running: "basecaller" "hac" "-r" "/gscratch/srlab/kdurkin1/SIFP-nanopore/D-Group4/data/03.01-G4-Library1-MinION-Dorado-recall-GPU/pod5_pass/" "--kit-name" "SQK-NBD114-96" "--trim" "all" "--reference" "/gscratch/srlab/kdurkin1/SIFP-nanopore/data/GCA_965233905.1_jaEunKnig1.1/GCA_965233905.1_jaEunKnig1.1_genomic.fna" "--modified-bases" "5mCG_5hmCG" "6mA" "--device" "auto"
[2025-10-30 04:30:35.129] [info] Failed to load NVML
[2025-10-30 04:30:35.129] [error] CUDA_VISIBLE_DEVICES=0 specifies more device ids than the number of GPUs present
[2025-10-30 04:30:35.140] [error] Uncaught exception thrown from:
frame #0: /srlab/programs/dorado-1.2.0-linux-x64/bin/dorado() [0x10ce358]
frame #1: /srlab/programs/dorado-1.2.0-linux-x64/bin/dorado() [0x60602e]
frame #2: <unknown function> + 0x9654c (0x1457b729654c in /srlab/programs/dorado-1.2.0-linux-x64/bin/../lib/libstdc++.so.6)
frame #3: <unknown function> + 0x965a7 (0x1457b72965a7 in /srlab/programs/dorado-1.2.0-linux-x64/bin/../lib/libstdc++.so.6)
frame #4: <unknown function> + 0x96808 (0x1457b7296808 in /srlab/programs/dorado-1.2.0-linux-x64/bin/../lib/libstdc++.so.6)
frame #5: /srlab/programs/dorado-1.2.0-linux-x64/bin/dorado() [0x508cec]
frame #6: /srlab/programs/dorado-1.2.0-linux-x64/bin/dorado() [0x10c4ee3]
frame #7: /srlab/programs/dorado-1.2.0-linux-x64/bin/dorado() [0x10c6705]
frame #8: /srlab/programs/dorado-1.2.0-linux-x64/bin/dorado() [0x5759c1]
frame #9: /srlab/programs/dorado-1.2.0-linux-x64/bin/dorado() [0x526c9d]
frame #10: <unknown function> + 0x2a1ca (0x1457b70181ca in /lib/x86_64-linux-gnu/libc.so.6)
frame #11: __libc_start_main + 0x8b (0x1457b701828b in /lib/x86_64-linux-gnu/libc.so.6)
frame #12: /srlab/programs/dorado-1.2.0-linux-x64/bin/dorado() [0x5499de]

[2025-10-30 04:30:35.140] [error] Exception thrown: Invalid device ids
terminate called after throwing an instance of 'std::runtime_error'
  what():  Invalid device ids
/var/spool/slurmd/job30541187/slurm_script: line 82: 11607 Aborted                 (core dumped) ${programs_array[dorado]} basecaller hac -r ${raw_pod5_dir}/ --kit-name SQK-NBD114-96 --trim 'all' --reference ${genome_file} --modified-bases 5mCG_5hmCG 6mA --device ${GPU_devices} > ${output_dir}/FBD08455_pass_recalled.bam
